<?xml version="1.0" encoding="UTF-8"?>
<testsuite name="Cucumber" time="157.798" tests="10" skipped="0" failures="1" errors="0" timestamp="2025-09-06T04:07:33.573194200Z">
<testcase classname="user is able to login or not in the Myshop website" name="user registration" time="51.223">
<system-out><![CDATA[
Given myshop website will be open...........................................passed
And login the account with valid credentials................................passed
Then login successfully with valid credentials..............................passed
]]></system-out>
</testcase>
<testcase classname="user is able to search items in the Myshop website" name="product search" time="31.791">
<failure type="org.openqa.selenium.NoSuchWindowException" message="no such window: target window already closed
from unknown error: web view not found
  (Session info: chrome=140.0.7339.80)
Build info: version: '4.23.0', revision: '4df0a231af'
System info: os.name: 'Windows 11', os.arch: 'amd64', os.version: '10.0', java.version: '24.0.2'
Driver info: org.openqa.selenium.chrome.ChromeDriver
Command: [8a18293aafac3dc8b57e44f71f23dfbf, maximizeCurrentWindow {}]
Capabilities {acceptInsecureCerts: false, browserName: chrome, browserVersion: 140.0.7339.80, chrome: {chromedriverVersion: 140.0.7339.80 (670b6f192f46..., userDataDir: C:\Users\nkuru\AppData\Loca...}, fedcm:accounts: true, goog:chromeOptions: {debuggerAddress: localhost:50977}, networkConnectionEnabled: false, pageLoadStrategy: normal, platformName: windows, proxy: Proxy(), se:cdp: ws://localhost:50977/devtoo..., se:cdpVersion: 140.0.7339.80, setWindowRect: true, strictFileInteractability: false, timeouts: {implicit: 0, pageLoad: 300000, script: 30000}, unhandledPromptBehavior: dismiss and notify, webauthn:extension:credBlob: true, webauthn:extension:largeBlob: true, webauthn:extension:minPinLength: true, webauthn:extension:prf: true, webauthn:virtualAuthenticators: true}
Session ID: 8a18293aafac3dc8b57e44f71f23dfbf">
<![CDATA[org.openqa.selenium.NoSuchWindowException: no such window: target window already closed
from unknown error: web view not found
  (Session info: chrome=140.0.7339.80)
Build info: version: '4.23.0', revision: '4df0a231af'
System info: os.name: 'Windows 11', os.arch: 'amd64', os.version: '10.0', java.version: '24.0.2'
Driver info: org.openqa.selenium.chrome.ChromeDriver
Command: [8a18293aafac3dc8b57e44f71f23dfbf, maximizeCurrentWindow {}]
Capabilities {acceptInsecureCerts: false, browserName: chrome, browserVersion: 140.0.7339.80, chrome: {chromedriverVersion: 140.0.7339.80 (670b6f192f46..., userDataDir: C:\Users\nkuru\AppData\Loca...}, fedcm:accounts: true, goog:chromeOptions: {debuggerAddress: localhost:50977}, networkConnectionEnabled: false, pageLoadStrategy: normal, platformName: windows, proxy: Proxy(), se:cdp: ws://localhost:50977/devtoo..., se:cdpVersion: 140.0.7339.80, setWindowRect: true, strictFileInteractability: false, timeouts: {implicit: 0, pageLoad: 300000, script: 30000}, unhandledPromptBehavior: dismiss and notify, webauthn:extension:credBlob: true, webauthn:extension:largeBlob: true, webauthn:extension:minPinLength: true, webauthn:extension:prf: true, webauthn:virtualAuthenticators: true}
Session ID: 8a18293aafac3dc8b57e44f71f23dfbf
	at java.base/jdk.internal.reflect.DirectConstructorHandleAccessor.newInstance(DirectConstructorHandleAccessor.java:62)
	at java.base/java.lang.reflect.Constructor.newInstanceWithCaller(Constructor.java:499)
	at java.base/java.lang.reflect.Constructor.newInstance(Constructor.java:483)
	at org.openqa.selenium.remote.ErrorCodec.decode(ErrorCodec.java:167)
	at org.openqa.selenium.remote.codec.w3c.W3CHttpResponseCodec.decode(W3CHttpResponseCodec.java:138)
	at org.openqa.selenium.remote.codec.w3c.W3CHttpResponseCodec.decode(W3CHttpResponseCodec.java:50)
	at org.openqa.selenium.remote.HttpCommandExecutor.execute(HttpCommandExecutor.java:190)
	at org.openqa.selenium.remote.service.DriverCommandExecutor.invokeExecute(DriverCommandExecutor.java:216)
	at org.openqa.selenium.remote.service.DriverCommandExecutor.execute(DriverCommandExecutor.java:174)
	at org.openqa.selenium.remote.RemoteWebDriver.execute(RemoteWebDriver.java:527)
	at org.openqa.selenium.remote.RemoteWebDriver.execute(RemoteWebDriver.java:600)
	at org.openqa.selenium.remote.RemoteWebDriver.execute(RemoteWebDriver.java:604)
	at org.openqa.selenium.remote.RemoteWebDriver$RemoteWebDriverOptions$RemoteWindow.maximize(RemoteWebDriver.java:1043)
	at Myshop.search.myshop_open_in_the_browser(search.java:24)
	at âœ½.myshop open in the browser(file:///C:/Users/nkuru/git/Final_Capstone_project/Capstone_MYSHOP/src/test/resources/Features/B_Search.feature:3)
]]>
</failure>
<system-out><![CDATA[
Given myshop open in the browser............................................failed
And search the products.....................................................skipped
Then listed the items related product.......................................skipped
]]></system-out>
</testcase>
<testcase classname="user is able to search items by categories in the Myshop website" name="product search by catogory" time="4.76">
<system-out><![CDATA[
Given myshop website open in the browser....................................passed
And search the products by categories.......................................passed
Then listed the items related product of category...........................passed
]]></system-out>
</testcase>
<testcase classname="User is able to view product details in the Myshop website" name="Get product details" time="9.789">
<system-out><![CDATA[
Given the Myshop website is open in the browser.............................passed
And selects the product and get details.....................................passed
Then the product details should be displayed including......................passed
]]></system-out>
</testcase>
<testcase classname="User is able to items add to cart in the Myshop website" name="add to cart" time="11.493">
<system-out><![CDATA[
Given The Myshop website is open in the browser.............................passed
And selects the product and add to cart.....................................passed
Then the product displayed in the cart......................................passed
]]></system-out>
</testcase>
<testcase classname="User is able to items add to cart and checkout in the Myshop website" name="add to cart and checkout" time="8.021">
<system-out><![CDATA[
Given The Myshop website is open in browser.................................passed
And selects the product then add to cart and checkout.......................passed
Then the product displayed in cart..........................................passed
]]></system-out>
</testcase>
<testcase classname="User is able navigate the links or not in the Myshop website" name="User able to click on links" time="11.19">
<system-out><![CDATA[
Given Myshop website is open in browser.....................................passed
And Click on the social media buttons.......................................passed
Then Check the navigation of Buttons........................................passed
]]></system-out>
</testcase>
<testcase classname="User is able check Mobile Repair spare in the Myshop website" name="Mobile Repair Spare" time="8.24">
<system-out><![CDATA[
Given Myshop website open in browser........................................passed
And Click on the mobile repair spare category...............................passed
Then Check the items in the spair...........................................passed
]]></system-out>
</testcase>
<testcase classname="User is able check wishlist in the Myshop website" name="wishlist" time="11.328">
<system-out><![CDATA[
Given Myshop website open in the browser....................................passed
And Click on the product and add to wishlist................................passed
Then Check the items in the wishlist........................................passed
]]></system-out>
</testcase>
<testcase classname="User is able see compare in the Myshop website" name="compare" time="9.562">
<system-out><![CDATA[
Given Myshop website open on browser........................................passed
And Click on the product and add to compare.................................passed
Then Check the items in the compare.........................................passed
]]></system-out>
</testcase>
</testsuite>
